<?xml version="1.0" encoding="UTF-8"?>
<!-- Generated by org.testng.reporters.JUnitXMLReporter -->
<testsuite ignored="0" hostname="LAPTOP-BM75QIK9" failures="0" tests="4" name="Default test" time="103.0" errors="0" timestamp="2022-05-05T07:14:13 IST">
  <testcase classname="com.payroll.testcases.LoginTest" name="loginTestTitle" time="1.779"/>
  <testcase classname="com.payroll.testcases.LoginTest" name="validateURL" time="0.031"/>
  <testcase classname="com.payroll.testcases.LoginTest" name="validateInvalidLogin" time="4.256"/>
  <testcase classname="com.payroll.testcases.LoginTest" name="validateReset" time="6.1"/>
</testsuite> <!-- Default test -->
