<?xml version="1.0" encoding="UTF-8"?>
<!-- Generated by org.testng.reporters.JUnitXMLReporter -->
<testsuite ignored="5" hostname="LAPTOP-BM75QIK9" failures="0" tests="1" name="Grouping Example Test" time="0.092" errors="0" timestamp="2022-04-06T13:52:15 IST">
  <testcase classname="testngbasics.GroupingSample" name="testFour" time="0.015"/>
  <testcase classname="testngbasics.GroupingSample" name="testSix" time="0.0">
    <ignored/>
  </testcase> <!-- testSix -->
  <testcase classname="testngbasics.GroupingSample" name="testThree" time="0.0">
    <ignored/>
  </testcase> <!-- testThree -->
  <testcase classname="testngbasics.GroupingSample" name="testOne" time="0.0">
    <ignored/>
  </testcase> <!-- testOne -->
  <testcase classname="testngbasics.GroupingSample" name="testTwo" time="0.0">
    <ignored/>
  </testcase> <!-- testTwo -->
  <testcase classname="testngbasics.GroupingSample" name="testFive" time="0.0">
    <ignored/>
  </testcase> <!-- testFive -->
</testsuite> <!-- Grouping Example Test -->
