<?xml version="1.0" encoding="UTF-8"?>
<!-- Generated by org.testng.reporters.JUnitXMLReporter -->
<testsuite ignored="0" hostname="LAPTOP-BM75QIK9" failures="1" tests="3" name="Test" time="0.179" errors="0" timestamp="2022-04-07T17:16:45 IST">
  <testcase classname="listenersTestng.VehicleInsurance" name="regression" time="0.021"/>
  <testcase classname="listenersTestng.VehicleInsurance" name="regression" time="0.003"/>
  <testcase classname="listenersTestng.VehicleInsurance" name="regression" time="0.008">
    <failure type="java.lang.AssertionError" message="expected [true] but found [false]">
      <![CDATA[java.lang.AssertionError: expected [true] but found [false]
at listenersTestng.VehicleInsurance.apiLoginVehicle(VehicleInsurance.java:21)
at java.base/java.util.ArrayList.forEach(ArrayList.java:1511)
... Removed 31 stack frames]]>
    </failure>
  </testcase> <!-- regression -->
</testsuite> <!-- Test -->
