<?xml version="1.0" encoding="UTF-8"?>
<!-- Generated by org.testng.reporters.JUnitXMLReporter -->
<testsuite ignored="0" hostname="LAPTOP-BM75QIK9" failures="0" tests="6" name="Test" time="0.138" errors="0" timestamp="2022-04-06T12:57:21 IST">
  <testcase classname="homwworkTestNG.HomeInsurance" name="webLoginVehicle" time="0.01"/>
  <testcase classname="homwworkTestNG.HomeInsurance" name="mobileLoginVehicle" time="0.002"/>
  <testcase classname="homwworkTestNG.HomeInsurance" name="apiLoginVehicle" time="0.002"/>
  <testcase classname="homwworkTestNG.VehicleInsurance" name="webLoginVehicle" time="0.002"/>
  <testcase classname="homwworkTestNG.VehicleInsurance" name="mobileLoginVehicle" time="0.001"/>
  <testcase classname="homwworkTestNG.VehicleInsurance" name="apiLoginVehicle" time="0.002"/>
</testsuite> <!-- Test -->
