<?xml version="1.0" encoding="UTF-8"?>
<testng-results ignored="0" total="1" passed="1" failed="0" skipped="0">
  <reporter-output>
  </reporter-output>
  <suite started-at="2022-04-11T17:49:17 IST" name="Default suite" finished-at="2022-04-11T17:49:32 IST" duration-ms="15675">
    <groups>
    </groups>
    <test started-at="2022-04-11T17:49:17 IST" name="Default test" finished-at="2022-04-11T17:49:32 IST" duration-ms="15675">
      <class name="actionclassdemo.MouseHover">
        <test-method signature="demoMouseHover()[pri:0, instance:actionclassdemo.MouseHover@4efac082]" started-at="2022-04-11T17:49:17 IST" name="demoMouseHover" finished-at="2022-04-11T17:49:32 IST" duration-ms="15567" status="PASS">
          <reporter-output>
          </reporter-output>
        </test-method> <!-- demoMouseHover -->
      </class> <!-- actionclassdemo.MouseHover -->
    </test> <!-- Default test -->
  </suite> <!-- Default suite -->
</testng-results>
