<?xml version="1.0" encoding="UTF-8"?>
<!-- Generated by org.testng.reporters.JUnitXMLReporter -->
<testsuite ignored="0" hostname="LAPTOP-BM75QIK9" failures="0" tests="2" name="Test1" time="17.99" errors="0" timestamp="2022-05-05T20:21:11 IST">
  <testcase classname="com.payroll.testcases.LogoutTest" name="@BeforeMethod launching1" time="8.125">
    <failure type="org.openqa.selenium.WebDriverException" message="unknown error: cannot determine loading status
from disconnected: received Inspector.detached event
  (Session info: chrome=101.0.4951.54)
Build info: version: &amp;apos;4.1.2&amp;apos;, revision: &amp;apos;9a5a329c5a&amp;apos;
System info: host: &amp;apos;LAPTOP-BM75QIK9&amp;apos;, ip: &amp;apos;192.168.29.165&amp;apos;, os.name: &amp;apos;Windows 10&amp;apos;, os.arch: &amp;apos;amd64&amp;apos;, os.version: &amp;apos;10.0&amp;apos;, java.version: &amp;apos;17.0.2&amp;apos;
Driver info: org.openqa.selenium.chrome.ChromeDriver
Command: [505fe15f060e032b6359319635e0f9ec, get {url=https://www.qabible.in/payrollapp/site/login}]
Capabilities {acceptInsecureCerts: false, browserName: chrome, browserVersion: 101.0.4951.54, chrome: {chromedriverVersion: 100.0.4896.60 (6a5d10861ce8..., userDataDir: C:\Users\Binu\AppData\Local...}, goog:chromeOptions: {debuggerAddress: localhost:59660}, javascriptEnabled: true, networkConnectionEnabled: false, pageLoadStrategy: normal, platform: WINDOWS, platformName: WINDOWS, proxy: Proxy(), se:cdp: ws://localhost:59660/devtoo..., se:cdpVersion: 101.0.4951.54, setWindowRect: true, strictFileInteractability: false, timeouts: {implicit: 0, pageLoad: 300000, script: 30000}, unhandledPromptBehavior: dismiss and notify, webauthn:extension:credBlob: true, webauthn:extension:largeBlob: true, webauthn:virtualAuthenticators: true}
Session ID: 505fe15f060e032b6359319635e0f9ec">
      <![CDATA[org.openqa.selenium.WebDriverException: unknown error: cannot determine loading status
from disconnected: received Inspector.detached event
  (Session info: chrome=101.0.4951.54)
Build info: version: '4.1.2', revision: '9a5a329c5a'
System info: host: 'LAPTOP-BM75QIK9', ip: '192.168.29.165', os.name: 'Windows 10', os.arch: 'amd64', os.version: '10.0', java.version: '17.0.2'
Driver info: org.openqa.selenium.chrome.ChromeDriver
Command: [505fe15f060e032b6359319635e0f9ec, get {url=https://www.qabible.in/payrollapp/site/login}]
Capabilities {acceptInsecureCerts: false, browserName: chrome, browserVersion: 101.0.4951.54, chrome: {chromedriverVersion: 100.0.4896.60 (6a5d10861ce8..., userDataDir: C:\Users\Binu\AppData\Local...}, goog:chromeOptions: {debuggerAddress: localhost:59660}, javascriptEnabled: true, networkConnectionEnabled: false, pageLoadStrategy: normal, platform: WINDOWS, platformName: WINDOWS, proxy: Proxy(), se:cdp: ws://localhost:59660/devtoo..., se:cdpVersion: 101.0.4951.54, setWindowRect: true, strictFileInteractability: false, timeouts: {implicit: 0, pageLoad: 300000, script: 30000}, unhandledPromptBehavior: dismiss and notify, webauthn:extension:credBlob: true, webauthn:extension:largeBlob: true, webauthn:virtualAuthenticators: true}
Session ID: 505fe15f060e032b6359319635e0f9ec
at org.openqa.selenium.remote.codec.w3c.W3CHttpResponseCodec.createException(W3CHttpResponseCodec.java:200)
at org.openqa.selenium.remote.codec.w3c.W3CHttpResponseCodec.decode(W3CHttpResponseCodec.java:133)
at org.openqa.selenium.remote.codec.w3c.W3CHttpResponseCodec.decode(W3CHttpResponseCodec.java:53)
at org.openqa.selenium.remote.HttpCommandExecutor.execute(HttpCommandExecutor.java:184)
at org.openqa.selenium.remote.service.DriverCommandExecutor.invokeExecute(DriverCommandExecutor.java:167)
at org.openqa.selenium.remote.service.DriverCommandExecutor.execute(DriverCommandExecutor.java:142)
at org.openqa.selenium.remote.RemoteWebDriver.execute(RemoteWebDriver.java:558)
at org.openqa.selenium.remote.RemoteWebDriver.get(RemoteWebDriver.java:327)
at com.payroll.baseclass.BaseClass.launchApp(BaseClass.java:81)
at com.payroll.testcases.LogoutTest.launching1(LogoutTest.java:18)
at java.base/java.util.ArrayList.forEach(ArrayList.java:1511)
... Removed 36 stack frames]]>
    </failure>
  </testcase> <!-- @BeforeMethod launching1 -->
  <testcase classname="com.payroll.testcases.LogoutTest" name="@AfterMethod closeBrowser" time="-1.651762271251E9">
    <skipped/>
  </testcase> <!-- @AfterMethod closeBrowser -->
  <testcase classname="com.payroll.testcases.LogoutTest" name="@BeforeMethod launching1" time="-1.651762271281E9">
    <skipped/>
  </testcase> <!-- @BeforeMethod launching1 -->
  <testcase classname="com.payroll.testcases.LogoutTest" name="@AfterMethod closeBrowser" time="-1.651762271297E9">
    <skipped/>
  </testcase> <!-- @AfterMethod closeBrowser -->
  <testcase classname="com.payroll.testcases.LogoutTest" name="logoutVerify" time="0.0">
    <skipped/>
  </testcase> <!-- logoutVerify -->
  <testcase classname="com.payroll.testcases.LogoutTest" name="logoutFullProfileLinkVerify" time="0.0">
    <skipped/>
  </testcase> <!-- logoutFullProfileLinkVerify -->
</testsuite> <!-- Test1 -->
