<?xml version="1.0" encoding="UTF-8"?>
<!-- Generated by org.testng.reporters.JUnitXMLReporter -->
<testsuite ignored="0" hostname="LAPTOP-BM75QIK9" failures="0" tests="4" name="Test" time="180.401" errors="0" timestamp="2022-05-06T05:16:33 IST">
  <testcase classname="com.payroll.testcases.ReportTest" name="validateDeductionHistorySelectWorker" time="22.216"/>
  <testcase classname="com.payroll.testcases.ReportTest" name="verifyClientSearch" time="6.626"/>
  <testcase classname="com.payroll.testcases.ReportTest" name="verifyExportPageDetails" time="8.804"/>
  <testcase classname="com.payroll.testcases.ReportTest" name="verifyGraphicalData" time="10.348"/>
</testsuite> <!-- Test -->
