<?xml version="1.0" encoding="UTF-8"?>
<testng-results ignored="0" total="1" passed="1" failed="0" skipped="0">
  <reporter-output>
  </reporter-output>
  <suite started-at="2022-04-28T11:03:33 IST" name="pjct" finished-at="2022-04-28T11:05:03 IST" duration-ms="90140">
    <groups>
    </groups>
    <test started-at="2022-04-28T11:03:33 IST" name="Test" finished-at="2022-04-28T11:05:03 IST" duration-ms="90140">
      <class name="sampletestcases.LoginTest_001">
        <test-method is-config="true" signature="setUp(java.lang.String)[pri:0, instance:sampletestcases.LoginTest_001@54bff557]" started-at="2022-04-28T11:03:33 IST" name="setUp" finished-at="2022-04-28T11:04:43 IST" duration-ms="69728" status="PASS">
          <params>
            <param index="0">
              <value>
                <![CDATA[firefox]]>
              </value>
            </param>
          </params>
          <reporter-output>
          </reporter-output>
        </test-method> <!-- setUp -->
        <test-method signature="loginTest()[pri:0, instance:sampletestcases.LoginTest_001@54bff557]" started-at="2022-04-28T11:04:43 IST" name="loginTest" finished-at="2022-04-28T11:04:59 IST" duration-ms="16565" status="PASS">
          <reporter-output>
          </reporter-output>
        </test-method> <!-- loginTest -->
        <test-method is-config="true" signature="tearDown()[pri:0, instance:sampletestcases.LoginTest_001@54bff557]" started-at="2022-04-28T11:04:59 IST" name="tearDown" finished-at="2022-04-28T11:05:03 IST" duration-ms="3784" status="PASS">
          <reporter-output>
          </reporter-output>
        </test-method> <!-- tearDown -->
      </class> <!-- sampletestcases.LoginTest_001 -->
    </test> <!-- Test -->
  </suite> <!-- pjct -->
</testng-results>
