<?xml version="1.0" encoding="UTF-8"?>
<testng-results ignored="0" total="1" passed="1" failed="0" skipped="0">
  <reporter-output>
  </reporter-output>
  <suite started-at="2022-04-30T16:36:08 IST" name="Default suite" finished-at="2022-04-30T16:36:41 IST" duration-ms="33184">
    <groups>
    </groups>
    <test started-at="2022-04-30T16:36:08 IST" name="Default test" finished-at="2022-04-30T16:36:41 IST" duration-ms="33184">
      <class name="sampletestcases.HomePageTest_001">
        <test-method signature="verifyLoginTest()[pri:0, instance:sampletestcases.HomePageTest_001@16a0ee18]" started-at="2022-04-30T16:36:08 IST" name="verifyLoginTest" finished-at="2022-04-30T16:36:41 IST" duration-ms="33114" status="PASS">
          <reporter-output>
          </reporter-output>
        </test-method> <!-- verifyLoginTest -->
      </class> <!-- sampletestcases.HomePageTest_001 -->
    </test> <!-- Default test -->
  </suite> <!-- Default suite -->
</testng-results>
