<?xml version="1.0" encoding="UTF-8"?>
<!-- Generated by org.testng.reporters.JUnitXMLReporter -->
<testsuite ignored="0" hostname="LAPTOP-BM75QIK9" failures="0" tests="3" name="Default test" time="0.121" errors="0" timestamp="2022-04-06T13:47:43 IST">
  <testcase classname="testngbasics.GardenInsurance" name="apiLoginGarden" time="0.014"/>
  <testcase classname="testngbasics.GardenInsurance" name="mobileLoginGarden" time="0.003"/>
  <testcase classname="testngbasics.GardenInsurance" name="webLoginGarden" time="0.003"/>
</testsuite> <!-- Default test -->
