<?xml version="1.0" encoding="UTF-8"?>
<testng-results ignored="0" total="1" passed="1" failed="0" skipped="0">
  <reporter-output>
  </reporter-output>
  <suite started-at="2022-04-25T18:00:49 IST" name="Default suite" finished-at="2022-04-25T18:01:06 IST" duration-ms="17580">
    <groups>
    </groups>
    <test started-at="2022-04-25T18:00:49 IST" name="Default test" finished-at="2022-04-25T18:01:06 IST" duration-ms="17580">
      <class name="with_pagefactorytest.LoginTestWithPageFactory">
        <test-method signature="verifyLogin()[pri:0, instance:with_pagefactorytest.LoginTestWithPageFactory@28f3b248]" started-at="2022-04-25T18:00:49 IST" name="verifyLogin" finished-at="2022-04-25T18:01:06 IST" duration-ms="17502" status="PASS">
          <reporter-output>
          </reporter-output>
        </test-method> <!-- verifyLogin -->
      </class> <!-- with_pagefactorytest.LoginTestWithPageFactory -->
    </test> <!-- Default test -->
  </suite> <!-- Default suite -->
</testng-results>
