<?xml version="1.0" encoding="UTF-8"?>
<testng-results ignored="0" total="1" passed="1" failed="0" skipped="0">
  <reporter-output>
  </reporter-output>
  <suite started-at="2022-04-26T14:42:41 IST" name="Default suite" finished-at="2022-04-26T14:43:00 IST" duration-ms="19126">
    <groups>
    </groups>
    <test started-at="2022-04-26T14:42:41 IST" name="Default test" finished-at="2022-04-26T14:43:00 IST" duration-ms="19126">
      <class name="pageobjects_withoutpagefactoryt.LoginTesting">
        <test-method signature="verifyLogin()[pri:0, instance:pageobjects_withoutpagefactoryt.LoginTesting@28f3b248]" started-at="2022-04-26T14:42:41 IST" name="verifyLogin" finished-at="2022-04-26T14:43:00 IST" duration-ms="19044" status="PASS">
          <reporter-output>
          </reporter-output>
        </test-method> <!-- verifyLogin -->
      </class> <!-- pageobjects_withoutpagefactoryt.LoginTesting -->
    </test> <!-- Default test -->
  </suite> <!-- Default suite -->
</testng-results>
