<?xml version="1.0" encoding="UTF-8"?>
<testng-results ignored="0" total="1" passed="1" failed="0" skipped="0">
  <reporter-output>
  </reporter-output>
  <suite started-at="2022-05-05T10:32:37 IST" name="Default suite" finished-at="2022-05-05T10:33:36 IST" duration-ms="59563">
    <groups>
      <group name="sanity">
        <method signature="ClientTest.verifyCreateClient()[pri:12, instance:com.payroll.testcases.ClientTest@29215f06]" name="verifyCreateClient" class="com.payroll.testcases.ClientTest"/>
      </group> <!-- sanity -->
    </groups>
    <test started-at="2022-05-05T10:32:37 IST" name="Default test" finished-at="2022-05-05T10:33:36 IST" duration-ms="59563">
      <class name="com.payroll.testcases.ClientTest">
        <test-method is-config="true" signature="beforeSuiteLog()[pri:0, instance:com.payroll.testcases.ClientTest@29215f06]" started-at="2022-05-05T10:32:36 IST" name="beforeSuiteLog" finished-at="2022-05-05T10:32:37 IST" duration-ms="699" status="PASS">
          <reporter-output>
          </reporter-output>
        </test-method> <!-- beforeSuiteLog -->
        <test-method is-config="true" signature="loadConfig()[pri:0, instance:com.payroll.testcases.ClientTest@29215f06]" started-at="2022-05-05T10:32:37 IST" name="loadConfig" finished-at="2022-05-05T10:32:37 IST" duration-ms="3" status="PASS">
          <reporter-output>
          </reporter-output>
        </test-method> <!-- loadConfig -->
        <test-method is-config="true" signature="launching1()[pri:0, instance:com.payroll.testcases.ClientTest@29215f06]" started-at="2022-05-05T10:32:37 IST" name="launching1" finished-at="2022-05-05T10:33:03 IST" duration-ms="26525" status="PASS">
          <reporter-output>
          </reporter-output>
        </test-method> <!-- launching1 -->
        <test-method signature="verifyCreateClient()[pri:12, instance:com.payroll.testcases.ClientTest@29215f06]" started-at="2022-05-05T10:33:03 IST" name="verifyCreateClient" finished-at="2022-05-05T10:33:36 IST" duration-ms="32965" status="PASS">
          <reporter-output>
          </reporter-output>
        </test-method> <!-- verifyCreateClient -->
        <test-method is-config="true" signature="aftersuite()[pri:0, instance:com.payroll.testcases.ClientTest@29215f06]" started-at="2022-05-05T10:33:36 IST" name="aftersuite" finished-at="2022-05-05T10:33:36 IST" duration-ms="70" status="PASS">
          <reporter-output>
          </reporter-output>
        </test-method> <!-- aftersuite -->
      </class> <!-- com.payroll.testcases.ClientTest -->
    </test> <!-- Default test -->
  </suite> <!-- Default suite -->
</testng-results>
